<?xml version="1.0" encoding="UTF-8"?>
<testng-results skipped="0" failed="0" total="1" passed="1">
  <reporter-output>
  </reporter-output>
  <suite name="Default suite" duration-ms="71305" started-at="2020-02-03T03:39:35Z" finished-at="2020-02-03T03:40:46Z">
    <groups>
    </groups>
    <test name="Default test" duration-ms="71305" started-at="2020-02-03T03:39:35Z" finished-at="2020-02-03T03:40:46Z">
      <class name="driverFactory.DriverScript">
        <test-method status="PASS" signature="startTest()[pri:0, instance:driverFactory.DriverScript@42dafa95]" name="startTest" duration-ms="71257" started-at="2020-02-03T09:09:35Z" finished-at="2020-02-03T09:10:46Z">
          <reporter-output>
          </reporter-output>
        </test-method> <!-- startTest -->
      </class> <!-- driverFactory.DriverScript -->
    </test> <!-- Default test -->
  </suite> <!-- Default suite -->
</testng-results>
